<?xml version="1.0" encoding="UTF-8"?>
<testng-results ignored="0" total="1" passed="1" failed="0" skipped="0">
  <reporter-output>
  </reporter-output>
  <suite started-at="2022-12-07T17:57:07 IST" name="Suite" finished-at="2022-12-07T17:59:29 IST" duration-ms="142622">
    <groups>
    </groups>
    <test started-at="2022-12-07T17:57:07 IST" name="Test" finished-at="2022-12-07T17:59:29 IST" duration-ms="142622">
      <class name="testCases.FooterTest">
        <test-method is-config="true" signature="setUp()[pri:0, instance:testCases.FooterTest@63355449]" started-at="2022-12-07T17:57:07 IST" name="setUp" finished-at="2022-12-07T17:57:19 IST" duration-ms="12545" status="PASS">
          <reporter-output>
          </reporter-output>
        </test-method> <!-- setUp -->
        <test-method is-config="true" signature="beforeMethod(java.lang.reflect.Method)[pri:0, instance:testCases.FooterTest@63355449]" started-at="2022-12-07T17:57:19 IST" name="beforeMethod" finished-at="2022-12-07T17:57:19 IST" duration-ms="158" status="PASS">
          <params>
            <param index="0">
              <value>
                <![CDATA[public void testCases.FooterTest.ValidateClickTestingOfFooterPage()]]>
              </value>
            </param>
          </params>
          <reporter-output>
          </reporter-output>
        </test-method> <!-- beforeMethod -->
        <test-method signature="ValidateClickTestingOfFooterPage()[pri:0, instance:testCases.FooterTest@63355449]" started-at="2022-12-07T17:57:19 IST" name="ValidateClickTestingOfFooterPage" finished-at="2022-12-07T17:59:28 IST" duration-ms="128554" status="PASS">
          <reporter-output>
          </reporter-output>
        </test-method> <!-- ValidateClickTestingOfFooterPage -->
        <test-method is-config="true" signature="reportWrapUp(org.testng.ITestResult,java.lang.reflect.Method)[pri:0, instance:testCases.FooterTest@63355449]" started-at="2022-12-07T17:59:28 IST" name="reportWrapUp" finished-at="2022-12-07T17:59:28 IST" duration-ms="3" status="PASS">
          <params>
            <param index="0">
              <value>
                <![CDATA[[TestResult name=ValidateClickTestingOfFooterPage status=SUCCESS method=FooterTest.ValidateClickTestingOfFooterPage()[pri:0, instance:testCases.FooterTest@63355449] output={null}]]]>
              </value>
            </param>
            <param index="1">
              <value>
                <![CDATA[public void testCases.FooterTest.ValidateClickTestingOfFooterPage()]]>
              </value>
            </param>
          </params>
          <reporter-output>
          </reporter-output>
        </test-method> <!-- reportWrapUp -->
        <test-method is-config="true" signature="closeBrowser()[pri:0, instance:testCases.FooterTest@63355449]" started-at="2022-12-07T17:59:28 IST" name="closeBrowser" finished-at="2022-12-07T17:59:29 IST" duration-ms="1307" status="PASS">
          <reporter-output>
          </reporter-output>
        </test-method> <!-- closeBrowser -->
        <test-method is-config="true" signature="close()[pri:0, instance:testCases.FooterTest@63355449]" started-at="2022-12-07T17:59:29 IST" name="close" finished-at="2022-12-07T17:59:30 IST" duration-ms="373" status="PASS">
          <reporter-output>
          </reporter-output>
        </test-method> <!-- close -->
      </class> <!-- testCases.FooterTest -->
    </test> <!-- Test -->
  </suite> <!-- Suite -->
</testng-results>
